2025-08-06 17:43:44,777 [INFO] Activator:176 - 


2025-08-06 17:43:44,779 [INFO] Activator:177 - !SESSION log4j initialized
2025-08-06 17:43:46,950 [INFO] LogOutputStream:77 - [STDOUT_REDIRECT] 
2025-08-06 17:43:53,099 [INFO] ApplicationProperties:184 - Using Application install path: /opt/st/stm32cubeide_1.18.0/plugins/com.st.stm32cube.common.mx_6.14.0.202502271554
2025-08-06 17:43:53,110 [INFO] DbMcusXml:78 - Set database path to: /opt/st/stm32cubeide_1.18.0/plugins/com.st.stm32cube.common.mx_6.14.0.202502271554//db//mcu/
2025-08-06 17:43:53,110 [INFO] ApiDb:274 - Set plugin database path to: /opt/st/stm32cubeide_1.18.0/plugins/com.st.stm32cube.common.mx_6.14.0.202502271554//db//plugins/boardmanager/
2025-08-06 17:43:53,110 [WARN] ApiDb:259 - Overriding images path with different value:  => /opt/st/stm32cubeide_1.18.0/plugins/com.st.stm32cube.common.mx_6.14.0.202502271554//db//plugins/mcufinder/images/
2025-08-06 17:43:53,113 [INFO] ApiDb:250 - Set database path to: /home/sunbeam/.stmcufinder/plugins/mcufinder//mcu/
2025-08-06 17:43:53,113 [INFO] DbMcusAds:125 - Set database path to: /home/sunbeam/.stmcufinder/plugins/mcufinder//mcu/
2025-08-06 17:43:53,114 [INFO] CrossReferenceDbSqlite:203 - Set database path to: /home/sunbeam/.stmcufinder/plugins/mcufinder//mcu/cs/
2025-08-06 17:43:53,186 [INFO] RulesReader:64 - Compatibility file has been processed (301 Rules)
2025-08-06 17:43:53,224 [INFO] DbMcusXml:78 - Set database path to: /opt/st/stm32cubeide_1.18.0/plugins/com.st.stm32cube.common.mx_6.14.0.202502271554//db//mcu/
2025-08-06 17:43:53,224 [INFO] ApiDb:274 - Set plugin database path to: /opt/st/stm32cubeide_1.18.0/plugins/com.st.stm32cube.common.mx_6.14.0.202502271554//db//plugins/boardmanager/
2025-08-06 17:43:53,224 [INFO] ApiDb:261 - Set plugin images path to: /opt/st/stm32cubeide_1.18.0/plugins/com.st.stm32cube.common.mx_6.14.0.202502271554//db//plugins/mcufinder/images/
2025-08-06 17:43:53,224 [WARN] DbFile:41 - Overriding database path with different value: /home/sunbeam/.stmcufinder/plugins/mcufinder/ => /home/sunbeam/.stmcufinder/plugins/mcufinder
2025-08-06 17:43:53,224 [INFO] ApiDb:250 - Set database path to: /home/sunbeam/.stmcufinder/plugins/mcufinder//mcu/
2025-08-06 17:43:53,225 [WARN] DbFile:41 - Overriding database path with different value: /home/sunbeam/.stmcufinder/plugins/mcufinder/ => /home/sunbeam/.stmcufinder/plugins/mcufinder
2025-08-06 17:43:53,225 [INFO] DbMcusAds:125 - Set database path to: /home/sunbeam/.stmcufinder/plugins/mcufinder//mcu/
2025-08-06 17:43:53,225 [WARN] DbFile:41 - Overriding database path with different value: /home/sunbeam/.stmcufinder/plugins/mcufinder/ => /home/sunbeam/.stmcufinder/plugins/mcufinder
2025-08-06 17:43:53,225 [WARN] DbFile:41 - Overriding database path with different value: /home/sunbeam/.stmcufinder/plugins/mcufinder/ => /home/sunbeam/.stmcufinder/plugins/mcufinder
2025-08-06 17:43:53,225 [INFO] CrossReferenceDbSqlite:203 - Set database path to: /home/sunbeam/.stmcufinder/plugins/mcufinder//mcu/cs/
2025-08-06 17:43:53,261 [INFO] MainPanel:272 - HeapMemory: 268435456
2025-08-06 17:43:53,322 [INFO] DbMcusXml:78 - Set database path to: /opt/st/stm32cubeide_1.18.0/plugins/com.st.stm32cube.common.mx_6.14.0.202502271554//db//mcu/
2025-08-06 17:43:53,323 [INFO] ApiDb:274 - Set plugin database path to: /opt/st/stm32cubeide_1.18.0/plugins/com.st.stm32cube.common.mx_6.14.0.202502271554//db//plugins/boardmanager/
2025-08-06 17:43:53,323 [INFO] ApiDb:261 - Set plugin images path to: /opt/st/stm32cubeide_1.18.0/plugins/com.st.stm32cube.common.mx_6.14.0.202502271554//db//plugins/mcufinder/images/
2025-08-06 17:43:53,323 [WARN] DbFile:41 - Overriding database path with different value: /home/sunbeam/.stmcufinder/plugins/mcufinder/ => /home/sunbeam/.stmcufinder/plugins/mcufinder
2025-08-06 17:43:53,323 [INFO] ApiDb:250 - Set database path to: /home/sunbeam/.stmcufinder/plugins/mcufinder//mcu/
2025-08-06 17:43:53,323 [WARN] DbFile:41 - Overriding database path with different value: /home/sunbeam/.stmcufinder/plugins/mcufinder/ => /home/sunbeam/.stmcufinder/plugins/mcufinder
2025-08-06 17:43:53,323 [INFO] DbMcusAds:125 - Set database path to: /home/sunbeam/.stmcufinder/plugins/mcufinder//mcu/
2025-08-06 17:43:53,323 [WARN] DbFile:41 - Overriding database path with different value: /home/sunbeam/.stmcufinder/plugins/mcufinder/ => /home/sunbeam/.stmcufinder/plugins/mcufinder
2025-08-06 17:43:53,323 [WARN] DbFile:41 - Overriding database path with different value: /home/sunbeam/.stmcufinder/plugins/mcufinder/ => /home/sunbeam/.stmcufinder/plugins/mcufinder
2025-08-06 17:43:53,323 [INFO] CrossReferenceDbSqlite:203 - Set database path to: /home/sunbeam/.stmcufinder/plugins/mcufinder//mcu/cs/
2025-08-06 17:43:53,334 [INFO] ApplicationProperties:184 - Using Application install path: /opt/st/stm32cubeide_1.18.0/plugins/com.st.stm32cube.common.mx_6.14.0.202502271554
2025-08-06 17:43:53,335 [INFO] PluginManage:196 - Search for loadable plugins [exclusion list=, ]
2025-08-06 17:43:53,336 [INFO] PluginManage:310 - Check plugin analytics
2025-08-06 17:43:53,434 [INFO] AnalyticsPlugin:253 - Accepted Software Licenses: 
2025-08-06 17:43:53,434 [INFO] AnalyticsPlugin:255 - Accepted CMSIS Pack Licenses: 
2025-08-06 17:43:53,434 [INFO] AnalyticsPlugin:257 - Accepted Firmware Licenses: FW.F4.1.28.0
2025-08-06 17:43:53,437 [INFO] PluginManage:359 - Loaded plugin analytics (category:tool,tabindex:-1)
2025-08-06 17:43:53,437 [INFO] PluginManage:310 - Check plugin cadmodel
2025-08-06 17:43:53,439 [INFO] CADModel:105 - Init CAD model plugin
2025-08-06 17:43:53,439 [INFO] PluginManage:359 - Loaded plugin cadmodel (category:power,tabindex:5)
2025-08-06 17:43:53,439 [INFO] PluginManage:310 - Check plugin clock
2025-08-06 17:43:53,444 [INFO] PluginManage:359 - Loaded plugin clock (category:base,tabindex:2)
2025-08-06 17:43:53,445 [INFO] PluginManage:310 - Check plugin ddr
2025-08-06 17:43:53,446 [INFO] PluginManage:359 - Loaded plugin ddr (category:tool,tabindex:6)
2025-08-06 17:43:53,446 [INFO] PluginManage:310 - Check plugin filemanager
2025-08-06 17:43:53,532 [INFO] PluginManage:359 - Loaded plugin filemanager (category:base,tabindex:10)
2025-08-06 17:43:53,533 [INFO] PluginManage:310 - Check plugin ipmanager
2025-08-06 17:43:53,536 [INFO] PluginManage:359 - Loaded plugin ipmanager (category:base,tabindex:5)
2025-08-06 17:43:53,536 [INFO] PluginManage:310 - Check plugin lpbam
2025-08-06 17:43:53,558 [INFO] PluginManage:359 - Loaded plugin lpbam (category:base,tabindex:0)
2025-08-06 17:43:53,558 [INFO] PluginManage:310 - Check plugin memorymap
2025-08-06 17:43:53,565 [INFO] PluginManage:359 - Loaded plugin memorymap (category:base,tabindex:4)
2025-08-06 17:43:53,566 [INFO] PluginManage:310 - Check plugin pinoutandconfiguration
2025-08-06 17:43:53,580 [INFO] PluginManage:359 - Loaded plugin pinoutandconfiguration (category:base,tabindex:1)
2025-08-06 17:43:53,580 [INFO] PluginManage:310 - Check plugin pinoutconfig
2025-08-06 17:43:53,650 [WARN] SupportedApi:132 - Cannot load RTOS API schema: s4s-elt-must-match.1: The content of 'definitions' must match (annotation?, (simpleType | complexType)?, (unique | key | keyref)*)). A problem was found starting at: attribute.
2025-08-06 17:43:53,718 [INFO] PluginManage:359 - Loaded plugin pinoutconfig (category:base,tabindex:0)
2025-08-06 17:43:53,719 [INFO] PluginManage:310 - Check plugin power
2025-08-06 17:43:53,723 [INFO] PluginManage:359 - Loaded plugin power (category:power,tabindex:4)
2025-08-06 17:43:53,724 [INFO] PluginManage:310 - Check plugin projectmanager
2025-08-06 17:43:53,735 [INFO] PluginManage:359 - Loaded plugin projectmanager (category:projectmanager,tabindex:4)
2025-08-06 17:43:53,736 [INFO] PluginManage:310 - Check plugin rif
2025-08-06 17:43:53,739 [INFO] PluginManage:359 - Loaded plugin rif (category:base,tabindex:3)
2025-08-06 17:43:53,739 [INFO] PluginManage:310 - Check plugin thirdparty
2025-08-06 17:43:53,805 [INFO] PluginManage:359 - Loaded plugin thirdparty (category:base,tabindex:-1)
2025-08-06 17:43:53,805 [INFO] PluginManage:310 - Check plugin tools
2025-08-06 17:43:53,805 [WARN] IntegrityCheckThread:84 - waiting for thirdparty lock release [integrity check]
2025-08-06 17:43:53,806 [INFO] IntegrityCheckThread:86 - entering critical section [integrity check]
2025-08-06 17:43:53,806 [INFO] ThirdPartyUpdaterWithRetryManager:70 - Updater plugin not ready yet. [1/15]
2025-08-06 17:43:53,807 [INFO] PluginManage:359 - Loaded plugin tools (category:base,tabindex:7)
2025-08-06 17:43:53,807 [INFO] PluginManage:310 - Check plugin tutovideos
2025-08-06 17:43:53,897 [INFO] PluginManage:359 - Loaded plugin tutovideos (category:base,tabindex:-1)
2025-08-06 17:43:53,897 [INFO] PluginManage:310 - Check plugin updater
2025-08-06 17:43:53,912 [INFO] PluginManage:359 - Loaded plugin updater (category:base,tabindex:12)
2025-08-06 17:43:53,912 [INFO] PluginManage:310 - Check plugin userauth
2025-08-06 17:43:53,914 [INFO] UserAuth:118 - Init User Auth plugin
2025-08-06 17:43:53,914 [INFO] PluginManage:359 - Loaded plugin userauth (category:base,tabindex:14)
2025-08-06 17:43:53,915 [INFO] PluginManage:283 - PluginManage : Loaded plugins [18]
2025-08-06 17:43:54,019 [INFO] PinOutPanel:1589 - setPackage(No Configuration,No Configuration)
2025-08-06 17:43:54,058 [INFO] CADModel:165 - CPN selected for project level
2025-08-06 17:43:54,058 [INFO] CADModel:114 - Register for checkConnection events
2025-08-06 17:43:54,063 [INFO] IPUIPlugin:80 - create IPUIPlugin
2025-08-06 17:43:54,063 [INFO] PluginManager:220 - loadIPPluginJar : add resmgrutility
2025-08-06 17:43:54,064 [INFO] IPUIPlugin:80 - create IPUIPlugin
2025-08-06 17:43:54,064 [INFO] PluginManager:220 - loadIPPluginJar : add dfsdm
2025-08-06 17:43:54,065 [INFO] IPUIPlugin:80 - create IPUIPlugin
2025-08-06 17:43:54,065 [INFO] PluginManager:220 - loadIPPluginJar : add fatfs
2025-08-06 17:43:54,067 [INFO] IPUIPlugin:80 - create IPUIPlugin
2025-08-06 17:43:54,068 [INFO] PluginManager:220 - loadIPPluginJar : add plateformsettings
2025-08-06 17:43:54,070 [INFO] IPUIPlugin:80 - create IPUIPlugin
2025-08-06 17:43:54,070 [INFO] PluginManager:220 - loadIPPluginJar : add usart
2025-08-06 17:43:54,071 [INFO] IPUIPlugin:80 - create IPUIPlugin
2025-08-06 17:43:54,071 [INFO] PluginManager:220 - loadIPPluginJar : add opamp
2025-08-06 17:43:54,072 [INFO] IPUIPlugin:80 - create IPUIPlugin
2025-08-06 17:43:54,073 [INFO] PluginManager:220 - loadIPPluginJar : add pdm2pcm
2025-08-06 17:43:54,073 [INFO] IPUIPlugin:80 - create IPUIPlugin
2025-08-06 17:43:54,074 [INFO] PluginManager:220 - loadIPPluginJar : add gtzc
2025-08-06 17:43:54,075 [INFO] IPUIPlugin:80 - create IPUIPlugin
2025-08-06 17:43:54,075 [INFO] PluginManager:220 - loadIPPluginJar : add usbx
2025-08-06 17:43:54,075 [INFO] IPUIPlugin:80 - create IPUIPlugin
2025-08-06 17:43:54,075 [INFO] PluginManager:220 - loadIPPluginJar : add tim
2025-08-06 17:43:54,077 [INFO] IPUIPlugin:80 - create IPUIPlugin
2025-08-06 17:43:54,077 [INFO] PluginManager:220 - loadIPPluginJar : add fmc
2025-08-06 17:43:54,078 [INFO] IPUIPlugin:80 - create IPUIPlugin
2025-08-06 17:43:54,078 [INFO] PluginManager:220 - loadIPPluginJar : add sai
2025-08-06 17:43:54,081 [INFO] IPUIPlugin:80 - create IPUIPlugin
2025-08-06 17:43:54,081 [INFO] PluginManager:220 - loadIPPluginJar : add stm32_wpan
2025-08-06 17:43:54,083 [INFO] IPUIPlugin:80 - create IPUIPlugin
2025-08-06 17:43:54,083 [INFO] PluginManager:220 - loadIPPluginJar : add adc
2025-08-06 17:43:54,084 [INFO] IPUIPlugin:80 - create IPUIPlugin
2025-08-06 17:43:54,084 [INFO] PluginManager:220 - loadIPPluginJar : add dma3
2025-08-06 17:43:54,085 [INFO] IPUIPlugin:80 - create IPUIPlugin
2025-08-06 17:43:54,085 [INFO] PluginManager:220 - loadIPPluginJar : add tsc
2025-08-06 17:43:54,086 [INFO] IPUIPlugin:80 - create IPUIPlugin
2025-08-06 17:43:54,086 [INFO] PluginManager:220 - loadIPPluginJar : add quadspi
2025-08-06 17:43:54,086 [INFO] IPUIPlugin:80 - create IPUIPlugin
2025-08-06 17:43:54,086 [INFO] PluginManager:220 - loadIPPluginJar : add ltdc
2025-08-06 17:43:54,087 [INFO] IPUIPlugin:80 - create IPUIPlugin
2025-08-06 17:43:54,087 [INFO] PluginManager:220 - loadIPPluginJar : add cryp
2025-08-06 17:43:54,088 [INFO] IPUIPlugin:80 - create IPUIPlugin
2025-08-06 17:43:54,088 [INFO] PluginManager:220 - loadIPPluginJar : add gfxmmu
2025-08-06 17:43:54,089 [INFO] IPUIPlugin:80 - create IPUIPlugin
2025-08-06 17:43:54,089 [INFO] PluginManager:220 - loadIPPluginJar : add openamp
2025-08-06 17:43:54,091 [INFO] IPUIPlugin:80 - create IPUIPlugin
2025-08-06 17:43:54,092 [INFO] PluginManager:220 - loadIPPluginJar : add freertos
2025-08-06 17:43:54,092 [INFO] IPUIPlugin:80 - create IPUIPlugin
2025-08-06 17:43:54,093 [INFO] PluginManager:220 - loadIPPluginJar : add tracer_emb
2025-08-06 17:43:54,093 [INFO] IPUIPlugin:80 - create IPUIPlugin
2025-08-06 17:43:54,094 [INFO] PluginManager:220 - loadIPPluginJar : add aes
2025-08-06 17:43:54,095 [INFO] IPUIPlugin:80 - create IPUIPlugin
2025-08-06 17:43:54,095 [INFO] PluginManager:220 - loadIPPluginJar : add lorawan
2025-08-06 17:43:54,095 [INFO] IPUIPlugin:80 - create IPUIPlugin
2025-08-06 17:43:54,095 [INFO] PluginManager:220 - loadIPPluginJar : add hash
2025-08-06 17:43:54,096 [INFO] IPUIPlugin:80 - create IPUIPlugin
2025-08-06 17:43:54,096 [INFO] PluginManager:220 - loadIPPluginJar : add ddr_ctrl_phy
2025-08-06 17:43:54,097 [INFO] IPUIPlugin:80 - create IPUIPlugin
2025-08-06 17:43:54,097 [INFO] PluginManager:220 - loadIPPluginJar : add ucpd
2025-08-06 17:43:54,098 [INFO] IPUIPlugin:80 - create IPUIPlugin
2025-08-06 17:43:54,098 [INFO] PluginManager:220 - loadIPPluginJar : add ipddr
2025-08-06 17:43:54,099 [INFO] IPUIPlugin:80 - create IPUIPlugin
2025-08-06 17:43:54,099 [INFO] PluginManager:220 - loadIPPluginJar : add radio
2025-08-06 17:43:54,100 [INFO] IPUIPlugin:80 - create IPUIPlugin
2025-08-06 17:43:54,100 [INFO] PluginManager:220 - loadIPPluginJar : add comp
2025-08-06 17:43:54,103 [INFO] IPUIPlugin:80 - create IPUIPlugin
2025-08-06 17:43:54,103 [INFO] PluginManager:220 - loadIPPluginJar : add mdma
2025-08-06 17:43:54,104 [INFO] IPUIPlugin:80 - create IPUIPlugin
2025-08-06 17:43:54,104 [INFO] PluginManager:220 - loadIPPluginJar : add i2c
2025-08-06 17:43:54,104 [INFO] IPUIPlugin:80 - create IPUIPlugin
2025-08-06 17:43:54,104 [INFO] PluginManager:220 - loadIPPluginJar : add i2s
2025-08-06 17:43:54,105 [INFO] IPUIPlugin:80 - create IPUIPlugin
2025-08-06 17:43:54,106 [INFO] PluginManager:220 - loadIPPluginJar : add i3c
2025-08-06 17:43:54,107 [INFO] IPUIPlugin:80 - create IPUIPlugin
2025-08-06 17:43:54,107 [INFO] PluginManager:220 - loadIPPluginJar : add nvic
2025-08-06 17:43:54,108 [INFO] IPUIPlugin:80 - create IPUIPlugin
2025-08-06 17:43:54,108 [INFO] PluginManager:220 - loadIPPluginJar : add gpio
2025-08-06 17:43:54,111 [INFO] IPUIPlugin:80 - create IPUIPlugin
2025-08-06 17:43:54,112 [INFO] PluginManager:220 - loadIPPluginJar : add linkedlist
2025-08-06 17:43:54,112 [INFO] IPUIPlugin:80 - create IPUIPlugin
2025-08-06 17:43:54,113 [INFO] PluginManager:220 - loadIPPluginJar : add can
2025-08-06 17:43:54,114 [INFO] IPUIPlugin:80 - create IPUIPlugin
2025-08-06 17:43:54,114 [INFO] PluginManager:220 - loadIPPluginJar : add gic
2025-08-06 17:43:54,117 [INFO] IPUIPlugin:80 - create IPUIPlugin
2025-08-06 17:43:54,117 [INFO] PluginManager:220 - loadIPPluginJar : add dma
2025-08-06 17:43:54,118 [INFO] IPUIPlugin:80 - create IPUIPlugin
2025-08-06 17:43:54,118 [INFO] PluginManager:220 - loadIPPluginJar : add touchsensing
2025-08-06 17:43:54,119 [INFO] IPUIPlugin:80 - create IPUIPlugin
2025-08-06 17:43:54,119 [INFO] PluginManager:220 - loadIPPluginJar : add spi
2025-08-06 17:43:54,120 [INFO] IPUIPlugin:80 - create IPUIPlugin
2025-08-06 17:43:54,120 [INFO] PluginManager:220 - loadIPPluginJar : add extmemmanager
2025-08-06 17:43:54,120 [INFO] IPUIPlugin:80 - create IPUIPlugin
2025-08-06 17:43:54,120 [INFO] PluginManager:220 - loadIPPluginJar : add ts
2025-08-06 17:43:54,121 [INFO] IPUIPlugin:80 - create IPUIPlugin
2025-08-06 17:43:54,121 [INFO] PluginManager:220 - loadIPPluginJar : add genericplugin
2025-08-06 17:43:54,209 [FATAL] Updater:351 - Updater called before beeing initialized
2025-08-06 17:43:54,226 [INFO] RulesReader:64 - Compatibility file has been processed (301 Rules)
2025-08-06 17:43:54,234 [INFO] RulesReader:64 - Compatibility file has been processed (301 Rules)
2025-08-06 17:43:54,238 [INFO] CADModel:165 - CPN selected for project level
2025-08-06 17:43:54,238 [INFO] CADModel:114 - Register for checkConnection events
2025-08-06 17:43:54,238 [FATAL] Updater:351 - Updater called before beeing initialized
2025-08-06 17:43:54,238 [ERROR] CADModel:125 - Updater not yet initialized, retry later 
2025-08-06 17:43:54,302 [FATAL] Updater:351 - Updater called before beeing initialized
2025-08-06 17:43:54,303 [INFO] CADModel:165 - CPN selected for project level
2025-08-06 17:43:54,303 [INFO] CADModel:114 - Register for checkConnection events
2025-08-06 17:43:54,303 [FATAL] Updater:351 - Updater called before beeing initialized
2025-08-06 17:43:54,303 [ERROR] CADModel:125 - Updater not yet initialized, retry later 
2025-08-06 17:43:54,305 [FATAL] Updater:351 - Updater called before beeing initialized
2025-08-06 17:43:54,352 [FATAL] Updater:351 - Updater called before beeing initialized
2025-08-06 17:43:54,355 [INFO] DbMcusAds:53 - JSON generation date=Tue Jul 08 13:44:23 IST 2025 (1751962463562)
2025-08-06 17:43:54,355 [FATAL] Updater:351 - Updater called before beeing initialized
2025-08-06 17:43:54,376 [WARN] DetailPanel:346 - Failed to get advertising image, set to default
2025-08-06 17:43:54,559 [FATAL] Updater:351 - Updater called before beeing initialized
2025-08-06 17:43:54,560 [FATAL] Updater:351 - Updater called before beeing initialized
2025-08-06 17:43:54,560 [FATAL] Updater:351 - Updater called before beeing initialized
2025-08-06 17:43:54,560 [WARN] DetailPanel:346 - Failed to get advertising image, set to default
2025-08-06 17:43:54,561 [FATAL] Updater:351 - Updater called before beeing initialized
2025-08-06 17:43:54,580 [ERROR] Updater:1198 - MainUpdater not yet initialized. External WinMGr cannot be set.
2025-08-06 17:43:54,581 [INFO] Updater:1134 - Updater Version found : 6.14.0
2025-08-06 17:43:54,590 [INFO] ApplicationProperties:184 - Using Application install path: /opt/st/stm32cubeide_1.18.0/plugins/com.st.stm32cube.common.mx_6.14.0.202502271554
2025-08-06 17:43:54,598 [ERROR] LogOutputStream:75 - [STDERR_REDIRECT] Aug 06, 2025 5:43:54 PM java.util.prefs.FileSystemPreferences$2 run
2025-08-06 17:43:54,598 [ERROR] LogOutputStream:75 - [STDERR_REDIRECT] WARNING: Could not create system preferences directory. System preferences are unusable.
2025-08-06 17:43:54,598 [ERROR] LogOutputStream:75 - [STDERR_REDIRECT] 
2025-08-06 17:43:54,733 [INFO] MainUpdater:2872 - connection check result : 10
2025-08-06 17:43:54,733 [INFO] MainUpdater:289 - Updater Check For Update Now.
2025-08-06 17:43:54,734 [INFO] MicroXplorer:498 - Change Database Version : DB.6.0.140
2025-08-06 17:43:54,736 [INFO] McuFinderGlobals:63 - Set McuFinder mode to 2 (CubeIDE integrated)
2025-08-06 17:43:54,736 [INFO] UserAuth:486 - Internet connection configuration mode: 1
2025-08-06 17:43:54,743 [INFO] JxBrowserEngine:152 - Initiate JxBrowser Engine with user profile folder
2025-08-06 17:43:54,882 [INFO] CheckServerUpdateThread:120 - End of CheckServer Thread
2025-08-06 17:43:55,151 [INFO] WebApp:169 - Instantiating new browser for Auth
2025-08-06 17:43:55,602 [INFO] WebApp:463 - Apply proxy settings
2025-08-06 17:43:55,603 [INFO] WebApp:548 - Chromium requires no authentication
2025-08-06 17:43:55,607 [INFO] WebApp:491 - Direct internet connection detected
2025-08-06 17:43:55,618 [INFO] WebApp:894 - Register for checkConnection events
2025-08-06 17:43:55,618 [INFO] WebApp:463 - Apply proxy settings
2025-08-06 17:43:55,618 [INFO] WebApp:548 - Chromium requires no authentication
2025-08-06 17:43:55,619 [INFO] WebApp:491 - Direct internet connection detected
2025-08-06 17:43:55,694 [INFO] WebApp:225 - Starting web application
2025-08-06 17:43:55,695 [INFO] WebApp:593 - Web application path used /opt/st/stm32cubeide_1.18.0/plugins/com.st.stm32cube.common.mx_6.14.0.202502271554/db/plugins/mcufinder/reactClient1/index.html
2025-08-06 17:43:55,765 [INFO] UserAuth:486 - Internet connection configuration mode: 1
2025-08-06 17:43:55,953 [INFO] WebApp:191 - Connection restablished
2025-08-06 17:43:56,879 [WARN] PackLoader:240 - Cannot read IP mode file for STMicroelectronics.FP-SNS-MOTENVWB1.1.4.0
2025-08-06 17:43:56,884 [WARN] PackLoader:240 - Cannot read IP mode file for STMicroelectronics.FP-ATR-ASTRA1.2.0.2
2025-08-06 17:43:56,889 [WARN] PackLoader:240 - Cannot read IP mode file for STMicroelectronics.X-CUBE-SMBUS.2.1.0
2025-08-06 17:43:56,894 [WARN] PackLoader:240 - Cannot read IP mode file for STMicroelectronics.X-CUBE-WB05N.1.1.0
2025-08-06 17:43:56,897 [WARN] PackLoader:240 - Cannot read IP mode file for STMicroelectronics.X-CUBE-ST60.1.0.0
2025-08-06 17:43:56,915 [WARN] PackLoader:240 - Cannot read IP mode file for STMicroelectronics.X-CUBE-AZRTOS-F7.1.1.0
2025-08-06 17:43:56,942 [WARN] PackLoader:240 - Cannot read IP mode file for Infineon.AIROC-Wi-Fi-Bluetooth-STM32.1.7.0
2025-08-06 17:43:56,962 [WARN] PackLoader:240 - Cannot read IP mode file for STMicroelectronics.X-CUBE-AZRTOS-H7.3.4.0
2025-08-06 17:43:56,969 [WARN] PackLoader:240 - Cannot read IP mode file for STMicroelectronics.X-CUBE-DISPLAY.3.0.0
2025-08-06 17:43:56,976 [WARN] PackLoader:240 - Cannot read IP mode file for STMicroelectronics.X-CUBE-NFC10.1.0.0
2025-08-06 17:43:56,983 [WARN] PackLoader:240 - Cannot read IP mode file for STMicroelectronics.X-CUBE-BLEMGR.4.0.0
2025-08-06 17:43:56,988 [WARN] PackLoader:240 - Cannot read IP mode file for emotas.I-CUBE-CANOPEN.1.3.0
2025-08-06 17:43:56,990 [WARN] ConditionMgr:438 - getConditionDescription Invalid condition id : Cortex-A Device cause : null
2025-08-06 17:43:56,997 [WARN] ConditionMgr:1044 - genDependencies : Invalid condition id : Cortex-A Device cause : null
2025-08-06 17:43:56,998 [WARN] ConditionMgr:1044 - genDependencies : Invalid condition id : Cortex-A Device cause : null
2025-08-06 17:43:56,998 [WARN] ConditionMgr:1044 - genDependencies : Invalid condition id : Cortex-A Device cause : null
2025-08-06 17:43:57,002 [WARN] PackLoader:240 - Cannot read IP mode file for STMicroelectronics.X-CUBE-AI.10.0.0
2025-08-06 17:43:57,007 [ERROR] Engine:466 - /home/sunbeam/.stm32cubemx/thirdparties/pdsc/STMicroelectronics.FP-SNS-STBOX1.2.1.0.pdsc: PDSC version is not supported
2025-08-06 17:43:57,010 [WARN] PackLoader:240 - Cannot read IP mode file for STMicroelectronics.FP-SNS-SMARTAG2.1.2.0
2025-08-06 17:43:57,014 [WARN] PackLoader:240 - Cannot read IP mode file for STMicroelectronics.FP-SNS-FLIGHT1.5.1.0
2025-08-06 17:43:57,061 [WARN] PackLoader:240 - Cannot read IP mode file for STMicroelectronics.X-CUBE-MEMS1.11.1.0
2025-08-06 17:43:57,151 [INFO] LogOutputStream:77 - [STDOUT_REDIRECT] 1 : Invalid condition id : UX_CORESTACK_Condition cause : null
2025-08-06 17:43:57,152 [INFO] LogOutputStream:77 - [STDOUT_REDIRECT] 1 : Invalid condition id : UX_CORESTACK_Condition cause : null
2025-08-06 17:43:57,152 [INFO] LogOutputStream:77 - [STDOUT_REDIRECT] 1 : Invalid condition id : UX_CORESTACK_Condition cause : null
2025-08-06 17:43:57,152 [INFO] LogOutputStream:77 - [STDOUT_REDIRECT] 1 : Invalid condition id : UX_CORESTACK_Condition cause : null
2025-08-06 17:43:57,152 [INFO] LogOutputStream:77 - [STDOUT_REDIRECT] 1 : Invalid condition id : UX_CORESTACK_Condition cause : null
2025-08-06 17:43:57,154 [WARN] PackLoader:240 - Cannot read IP mode file for STMicroelectronics.X-CUBE-AZRTOS-WL.2.0.0
2025-08-06 17:43:57,157 [WARN] PackLoader:240 - Cannot read IP mode file for STMicroelectronics.FP-SNS-MOTENV1.5.0.0
2025-08-06 17:43:57,162 [WARN] PackLoader:240 - Cannot read IP mode file for WES.I-CUBE-Cesium.1.3.0
2025-08-06 17:43:57,166 [WARN] PackLoader:240 - Cannot read IP mode file for STMicroelectronics.X-CUBE-BLE2.3.3.0
2025-08-06 17:43:57,170 [WARN] PackLoader:240 - Cannot read IP mode file for STMicroelectronics.X-CUBE-NFC9.1.0.0
2025-08-06 17:43:57,174 [WARN] PackLoader:240 - Cannot read IP mode file for STMicroelectronics.X-CUBE-BLE1.7.1.0
2025-08-06 17:43:57,176 [WARN] PackLoader:240 - Cannot read IP mode file for wolfSSL.I-CUBE-wolfMQTT.1.19.2
2025-08-06 17:43:57,179 [WARN] PackLoader:240 - Cannot read IP mode file for STMicroelectronics.X-CUBE-EEPRMA1.5.2.0
2025-08-06 17:43:57,182 [WARN] PackLoader:240 - Cannot read IP mode file for STMicroelectronics.X-CUBE-AI.10.1.0
2025-08-06 17:43:57,224 [WARN] PackLoader:240 - Cannot read IP mode file for STMicroelectronics.X-CUBE-MEMS1.11.2.0
2025-08-06 17:43:57,342 [WARN] PackLoader:240 - Cannot read IP mode file for STMicroelectronics.X-CUBE-AZRTOS-G0.1.1.0
2025-08-06 17:43:57,348 [WARN] PackLoader:240 - Cannot read IP mode file for STMicroelectronics.X-CUBE-SAFEA1.1.2.2
2025-08-06 17:43:57,350 [WARN] PackLoader:240 - Cannot read IP mode file for STMicroelectronics.X-CUBE-NFC4.3.0.0
2025-08-06 17:43:57,356 [WARN] PackLoader:240 - Cannot read IP mode file for EmbeddedOffice.I-CUBE-FS-RTOS.1.0.1
2025-08-06 17:43:57,360 [WARN] PackLoader:240 - Cannot read IP mode file for STMicroelectronics.X-CUBE-WB05N.2.0.0
2025-08-06 17:43:57,362 [WARN] PackLoader:240 - Cannot read IP mode file for wolfSSL.I-CUBE-wolfTPM.3.8.0
2025-08-06 17:43:57,365 [WARN] PackLoader:240 - Cannot read IP mode file for STMicroelectronics.X-CUBE-TCPP.4.2.0
2025-08-06 17:43:57,368 [WARN] PackLoader:240 - Cannot read IP mode file for RealThread.X-CUBE-RT-Thread_Nano.4.1.1
2025-08-06 17:43:57,370 [WARN] PackLoader:240 - Cannot read IP mode file for STMicroelectronics.FP-ATR-SIGFOX1.3.2.0
2025-08-06 17:43:57,373 [WARN] PackLoader:240 - Cannot read IP mode file for STMicroelectronics.X-CUBE-EEPRMA1.5.1.0
2025-08-06 17:43:57,376 [WARN] PackLoader:240 - Cannot read IP mode file for wolfSSL.I-CUBE-wolfSSL.5.7.6
2025-08-06 17:43:57,379 [WARN] PackLoader:240 - Cannot read IP mode file for ITTIA_DB.I-CUBE-ITTIADB.8.9.0
2025-08-06 17:43:57,382 [WARN] PackLoader:240 - Cannot read IP mode file for STMicroelectronics.X-CUBE-ST67W61.1.0.0
2025-08-06 17:43:57,384 [WARN] PackLoader:240 - Cannot read IP mode file for STMicroelectronics.X-CUBE-AI.10.2.0
2025-08-06 17:43:57,407 [WARN] PackLoader:240 - Cannot read IP mode file for SEGGER.I-CUBE-embOS.1.3.1
2025-08-06 17:43:57,442 [WARN] PackLoader:240 - Cannot read IP mode file for STMicroelectronics.X-CUBE-ALGOBUILD.1.4.0
2025-08-06 17:43:57,473 [WARN] PackLoader:240 - Cannot read IP mode file for STMicroelectronics.X-CUBE-MEMS1.11.3.0
2025-08-06 17:43:57,549 [WARN] PackLoader:240 - Cannot read IP mode file for STMicroelectronics.X-CUBE-PM33A1.1.0.0
2025-08-06 17:43:57,564 [WARN] PackLoader:240 - Cannot read IP mode file for STMicroelectronics.X-CUBE-AZRTOS-F4.1.1.0
2025-08-06 17:43:57,569 [WARN] PackLoader:240 - Cannot read IP mode file for Avnet-IotConnect.X-CUBE-IoTC-DA16k-PMOD.1.0.0
2025-08-06 17:43:57,570 [WARN] PackLoader:240 - Cannot read IP mode file for STMicroelectronics.X-CUBE-ISPU.2.1.0
2025-08-06 17:43:57,574 [WARN] PackLoader:240 - Cannot read IP mode file for STMicroelectronics.X-CUBE-NFC12.1.0.0
2025-08-06 17:43:57,584 [WARN] PackLoader:240 - Cannot read IP mode file for STMicroelectronics.X-CUBE-AZRTOS-L5.2.0.0
2025-08-06 17:43:57,590 [WARN] PackLoader:240 - Cannot read IP mode file for STMicroelectronics.X-CUBE-NFC6.3.1.0
2025-08-06 17:43:57,594 [WARN] PackLoader:240 - Cannot read IP mode file for STMicroelectronics.X-CUBE-DPower.1.2.0
2025-08-06 17:43:57,597 [WARN] PackLoader:240 - Cannot read IP mode file for STMicroelectronics.X-CUBE-FREERTOS.1.3.1
2025-08-06 17:43:57,599 [WARN] PackLoader:240 - Cannot read IP mode file for STMicroelectronics.X-CUBE-FREERTOS.1.3.0
2025-08-06 17:43:57,603 [WARN] PackLoader:240 - Cannot read IP mode file for STMicroelectronics.X-CUBE-NFC7.1.0.1
2025-08-06 17:43:57,606 [WARN] PackLoader:240 - Cannot read IP mode file for STMicroelectronics.FP-SNS-STAIOTCFT.1.0.0
2025-08-06 17:43:57,609 [WARN] PackLoader:240 - Cannot read IP mode file for STMicroelectronics.X-CUBE-DPower.1.3.0
2025-08-06 17:43:57,620 [WARN] ConditionMgr:438 - getConditionDescription Invalid condition id : LAN8742 Phy interface Condition cause : null
2025-08-06 17:43:57,620 [WARN] PackLoader:240 - Cannot read IP mode file for STMicroelectronics.X-CUBE-AZRTOS-L4.2.0.0
2025-08-06 17:43:57,621 [WARN] ConditionMgr:1044 - genDependencies : Invalid condition id : LAN8742 Phy interface Condition cause : null
2025-08-06 17:43:57,622 [WARN] ConditionMgr:1044 - genDependencies : Invalid condition id : LAN8742 Phy interface Condition cause : null
2025-08-06 17:43:57,622 [WARN] ConditionMgr:1044 - genDependencies : Invalid condition id : LAN8742 Phy interface Condition cause : null
2025-08-06 17:43:57,626 [WARN] PackLoader:240 - Cannot read IP mode file for STMicroelectronics.X-CUBE-SFXS2LP1.4.0.0
2025-08-06 17:43:57,639 [WARN] PackLoader:240 - Cannot read IP mode file for STMicroelectronics.X-CUBE-AZRTOS-H7.3.3.0
2025-08-06 17:43:57,647 [WARN] PackLoader:240 - Cannot read IP mode file for STMicroelectronics.X-CUBE-BLEMGR.4.1.0
2025-08-06 17:43:57,657 [WARN] ConditionMgr:438 - getConditionDescription Invalid condition id : UX DEVICE CLASS RTOS Condition cause : null
2025-08-06 17:43:57,658 [WARN] ConditionMgr:438 - getConditionDescription Invalid condition id : UX DEVICE CLASS RTOS Condition cause : null
2025-08-06 17:43:57,659 [WARN] PackLoader:240 - Cannot read IP mode file for STMicroelectronics.X-CUBE-AZRTOS-WB.2.0.0
2025-08-06 17:43:57,660 [WARN] ConditionMgr:1044 - genDependencies : Invalid condition id : UX DEVICE CLASS RTOS Condition cause : null
2025-08-06 17:43:57,660 [WARN] ConditionMgr:1044 - genDependencies : Invalid condition id : UX DEVICE CLASS RTOS Condition cause : null
2025-08-06 17:43:57,660 [WARN] ConditionMgr:1044 - genDependencies : Invalid condition id : UX DEVICE CLASS RTOS Condition cause : null
2025-08-06 17:43:57,661 [WARN] ConditionMgr:1044 - genDependencies : Invalid condition id : UX DEVICE CLASS RTOS Condition cause : null
2025-08-06 17:43:57,661 [WARN] ConditionMgr:1044 - genDependencies : Invalid condition id : UX DEVICE CLASS RTOS Condition cause : null
2025-08-06 17:43:57,664 [WARN] PackLoader:240 - Cannot read IP mode file for STMicroelectronics.X-CUBE-GNSS1.7.0.1
2025-08-06 17:43:57,667 [WARN] PackLoader:240 - Cannot read IP mode file for STMicroelectronics.X-CUBE-TOUCHGFX.4.25.0
2025-08-06 17:43:57,670 [WARN] PackLoader:240 - Cannot read IP mode file for STMicroelectronics.FP-SNS-STBOX1.2.0.0
2025-08-06 17:43:57,678 [WARN] PackLoader:240 - Cannot read IP mode file for STMicroelectronics.X-CUBE-SUBG2.5.0.0
2025-08-06 17:43:57,693 [WARN] PackLoader:240 - Cannot read IP mode file for STMicroelectronics.X-CUBE-AZRTOS-H7RS.1.1.0
2025-08-06 17:43:57,697 [WARN] PackLoader:240 - Cannot read IP mode file for Cesanta.I-CUBE-Mongoose.7.13.0
2025-08-06 17:43:57,704 [WARN] PackLoader:240 - Cannot read IP mode file for STMicroelectronics.X-CUBE-AZRTOS-G4.2.0.0
2025-08-06 17:43:57,709 [WARN] PackLoader:240 - Cannot read IP mode file for wolfSSL.I-CUBE-wolfSSH.1.4.20
2025-08-06 17:43:57,712 [WARN] PackLoader:240 - Cannot read IP mode file for STMicroelectronics.X-CUBE-NFC7.2.0.0
2025-08-06 17:43:57,720 [WARN] PackLoader:240 - Cannot read IP mode file for STMicroelectronics.X-CUBE-IPS.3.1.0
2025-08-06 17:43:57,726 [WARN] PackLoader:240 - Cannot read IP mode file for STMicroelectronics.X-CUBE-ALS.1.0.2
2025-08-06 17:43:57,729 [WARN] PackLoader:240 - Cannot read IP mode file for portGmbH.I-Cube-SoM-uGOAL.1.1.0
2025-08-06 17:43:57,736 [WARN] PackLoader:240 - Cannot read IP mode file for STMicroelectronics.X-CUBE-TOF1.3.4.2
2025-08-06 17:43:57,748 [WARN] PackLoader:240 - Cannot read IP mode file for STMicroelectronics.X-CUBE-TOF1.3.4.3
2025-08-06 17:43:57,766 [INFO] ThirdParty:978 - Integrity check success = true
2025-08-06 17:43:57,767 [INFO] IntegrityCheckThread:100 - exiting critical section [integrity check]
2025-08-06 17:43:57,767 [INFO] IntegrityCheckThread:103 - End integrity checks thread
2025-08-06 17:44:09,471 [ERROR] LogOutputStream:75 - [STDERR_REDIRECT] 
2025-08-06 17:44:09,473 [ERROR] LogOutputStream:75 - [STDERR_REDIRECT] 
